<?xml version="1.0" encoding="UTF-8" ?>
<testsuites>
  <testsuite errors="0" failures="0" hostname="Twin-Panichsombats-MacBook.local" id="0" name="ConsumerIntegrationTests" package="openmessenger" tests="1" time="0.278" timestamp="2011-08-04T06:14:46">
      <properties />

      <testcase classname="openmessenger.ConsumerIntegrationTests" name="testSendMessage" time="0.276" />

      <system-out><![CDATA[--Output from testSendMessage--
]]></system-out>

      <system-err><![CDATA[--Output from testSendMessage--
]]></system-err>

  </testsuite>
  <testsuite errors="0" failures="0" hostname="Twin-Panichsombats-MacBook.local" id="1" name="EventControllerIntegrationTests" package="openmessenger" tests="1" time="0.024" timestamp="2011-08-04T06:14:46">
      <properties />

      <testcase classname="openmessenger.EventControllerIntegrationTests" name="testSubscribeToEvent" time="0.02" />

      <system-out><![CDATA[--Output from testSubscribeToEvent--
]]></system-out>

      <system-err><![CDATA[--Output from testSubscribeToEvent--
]]></system-err>

  </testsuite>
  <testsuite errors="0" failures="0" hostname="Twin-Panichsombats-MacBook.local" id="2" name="EventIntegrationTests" package="openmessenger" tests="5" time="0.168" timestamp="2011-08-04T06:14:46">
      <properties />

      <testcase classname="openmessenger.EventIntegrationTests" name="testSave" time="0.054" />

      <testcase classname="openmessenger.EventIntegrationTests" name="testEvilSave" time="0.021" />

      <testcase classname="openmessenger.EventIntegrationTests" name="testAddToSubscribers" time="0.045" />

      <testcase classname="openmessenger.EventIntegrationTests" name="testUnsubscribeFromEvent" time="0.0050" />

      <testcase classname="openmessenger.EventIntegrationTests" name="testGetAllSubscribers" time="0.034" />

      <system-out><![CDATA[--Output from testSave--
--Output from testEvilSave--
--Output from testAddToSubscribers--
--Output from testUnsubscribeFromEvent--
--Output from testGetAllSubscribers--
]]></system-out>

      <system-err><![CDATA[--Output from testSave--
--Output from testEvilSave--
--Output from testAddToSubscribers--
--Output from testUnsubscribeFromEvent--
--Output from testGetAllSubscribers--
]]></system-err>

  </testsuite>
  <testsuite errors="0" failures="0" hostname="Twin-Panichsombats-MacBook.local" id="3" name="OpenMessengerIntegrationTests" package="openmessenger" tests="1" time="5.55" timestamp="2011-08-04T06:14:46">
      <properties />

      <testcase classname="openmessenger.OpenMessengerIntegrationTests" name="testSentMessegeToRabbitMqPullQueueAndSendSms" time="5.547" />

      <system-out><![CDATA[--Output from testSentMessegeToRabbitMqPullQueueAndSendSms--
]]></system-out>

      <system-err><![CDATA[--Output from testSentMessegeToRabbitMqPullQueueAndSendSms--
]]></system-err>

  </testsuite>
  <testsuite errors="0" failures="0" hostname="Twin-Panichsombats-MacBook.local" id="4" name="SubscriberIntegrationTests" package="openmessenger" tests="5" time="0.177" timestamp="2011-08-04T06:14:52">
      <properties />

      <testcase classname="openmessenger.SubscriberIntegrationTests" name="testFirstSave" time="0.073" />

      <testcase classname="openmessenger.SubscriberIntegrationTests" name="testSaveAndUpdate" time="0.015" />

      <testcase classname="openmessenger.SubscriberIntegrationTests" name="testSaveAndDelete" time="0.052" />

      <testcase classname="openmessenger.SubscriberIntegrationTests" name="testEvilSaveErrors" time="0.017" />

      <testcase classname="openmessenger.SubscriberIntegrationTests" name="testEvilSaveCorrect" time="0.016" />

      <system-out><![CDATA[--Output from testFirstSave--
--Output from testSaveAndUpdate--
--Output from testSaveAndDelete--
--Output from testEvilSaveErrors--
--Output from testEvilSaveCorrect--
]]></system-out>

      <system-err><![CDATA[--Output from testFirstSave--
--Output from testSaveAndUpdate--
--Output from testSaveAndDelete--
--Output from testEvilSaveErrors--
--Output from testEvilSaveCorrect--
]]></system-err>

  </testsuite>
  <testsuite errors="0" failures="0" hostname="Twin-Panichsombats-MacBook.local" id="5" name="ConsumerServiceTests" package="openmessenger" tests="4" time="0.656" timestamp="2011-08-04T06:14:24">
      <properties />

      <testcase classname="openmessenger.ConsumerServiceTests" name="testHandleMessage" time="0.291" />

      <testcase classname="openmessenger.ConsumerServiceTests" name="testConsumerServiceException" time="0.061" />

      <testcase classname="openmessenger.ConsumerServiceTests" name="testConvertToUnicode" time="0.12" />

      <testcase classname="openmessenger.ConsumerServiceTests" name="testGetConcatinationSize" time="0.119" />

      <system-out><![CDATA[--Output from testHandleMessage--
--Output from testConsumerServiceException--
--Output from testConvertToUnicode--
--Output from testGetConcatinationSize--
]]></system-out>

      <system-err><![CDATA[--Output from testHandleMessage--
--Output from testConsumerServiceException--
--Output from testConvertToUnicode--
--Output from testGetConcatinationSize--
]]></system-err>

  </testsuite>
  <testsuite errors="0" failures="0" hostname="Twin-Panichsombats-MacBook.local" id="6" name="EventControllerTests" package="openmessenger" tests="8" time="3.159" timestamp="2011-08-04T06:14:25">
      <properties />

      <testcase classname="openmessenger.EventControllerTests" name="testListAllEvents" time="2.48" />

      <testcase classname="openmessenger.EventControllerTests" name="testViewEvent" time="0.234" />

      <testcase classname="openmessenger.EventControllerTests" name="testListEventSubscriber" time="0.027" />

      <testcase classname="openmessenger.EventControllerTests" name="testCreateEvent" time="0.017" />

      <testcase classname="openmessenger.EventControllerTests" name="testSaveEvent" time="0.278" />

      <testcase classname="openmessenger.EventControllerTests" name="testSaveEvilEventRedirect" time="0.049" />

      <testcase classname="openmessenger.EventControllerTests" name="testSubscribeToEvent" time="0.022" />

      <testcase classname="openmessenger.EventControllerTests" name="testSendMessage" time="0.037" />

      <system-out><![CDATA[--Output from testListAllEvents--
--Output from testViewEvent--
--Output from testListEventSubscriber--
--Output from testCreateEvent--
--Output from testSaveEvent--
--Output from testSaveEvilEventRedirect--
--Output from testSubscribeToEvent--
--Output from testSendMessage--
]]></system-out>

      <system-err><![CDATA[--Output from testListAllEvents--
--Output from testViewEvent--
--Output from testListEventSubscriber--
--Output from testCreateEvent--
--Output from testSaveEvent--
--Output from testSaveEvilEventRedirect--
--Output from testSubscribeToEvent--
--Output from testSendMessage--
]]></system-err>

  </testsuite>
  <testsuite errors="0" failures="0" hostname="Twin-Panichsombats-MacBook.local" id="7" name="EventServiceTests" package="openmessenger" tests="8" time="0.38" timestamp="2011-08-04T06:14:28">
      <properties />

      <testcase classname="openmessenger.EventServiceTests" name="testSendMessage" time="0.107" />

      <testcase classname="openmessenger.EventServiceTests" name="testFindByNameLikeKeyword" time="0.017" />

      <testcase classname="openmessenger.EventServiceTests" name="testFindByStatus" time="0.026" />

      <testcase classname="openmessenger.EventServiceTests" name="testSubscriberToEvent" time="0.067" />

      <testcase classname="openmessenger.EventServiceTests" name="testListEventSubscribers" time="0.021" />

      <testcase classname="openmessenger.EventServiceTests" name="testUnsubscriberFromEvent" time="0.055" />

      <testcase classname="openmessenger.EventServiceTests" name="testShowEvent" time="0.033" />

      <testcase classname="openmessenger.EventServiceTests" name="testPostMessageToEventSubscriber" time="0.033" />

      <system-out><![CDATA[--Output from testSendMessage--
--Output from testFindByNameLikeKeyword--
--Output from testFindByStatus--
--Output from testSubscriberToEvent--
--Output from testListEventSubscribers--
--Output from testUnsubscriberFromEvent--
66809737798
--Output from testShowEvent--
--Output from testPostMessageToEventSubscriber--
]]></system-out>

      <system-err><![CDATA[--Output from testSendMessage--
--Output from testFindByNameLikeKeyword--
--Output from testFindByStatus--
--Output from testSubscriberToEvent--
--Output from testListEventSubscribers--
--Output from testUnsubscriberFromEvent--
--Output from testShowEvent--
--Output from testPostMessageToEventSubscriber--
]]></system-err>

  </testsuite>
  <testsuite errors="0" failures="0" hostname="Twin-Panichsombats-MacBook.local" id="8" name="EventTests" package="openmessenger" tests="3" time="0.402" timestamp="2011-08-04T06:14:29">
      <properties />

      <testcase classname="openmessenger.EventTests" name="testValidate" time="0.145" />

      <testcase classname="openmessenger.EventTests" name="testMockGorm" time="0.061" />

      <testcase classname="openmessenger.EventTests" name="testAddMessageToEvent" time="0.159" />

      <system-out><![CDATA[--Output from testValidate--
--Output from testMockGorm--
--Output from testAddMessageToEvent--
]]></system-out>

      <system-err><![CDATA[--Output from testValidate--
--Output from testMockGorm--
--Output from testAddMessageToEvent--
]]></system-err>

  </testsuite>
  <testsuite errors="0" failures="0" hostname="Twin-Panichsombats-MacBook.local" id="9" name="MessageTests" package="openmessenger" tests="1" time="0.133" timestamp="2011-08-04T06:14:29">
      <properties />

      <testcase classname="openmessenger.MessageTests" name="testMessageConstraints" time="0.103" />

      <system-out><![CDATA[--Output from testMessageConstraints--
]]></system-out>

      <system-err><![CDATA[--Output from testMessageConstraints--
]]></system-err>

  </testsuite>
  <testsuite errors="0" failures="0" hostname="Twin-Panichsombats-MacBook.local" id="10" name="SubscriberControllerTests" package="openmessenger" tests="1" time="0.064" timestamp="2011-08-04T06:14:29">
      <properties />

      <testcase classname="openmessenger.SubscriberControllerTests" name="testListAllSubscribers" time="0.054" />

      <system-out><![CDATA[--Output from testListAllSubscribers--
]]></system-out>

      <system-err><![CDATA[--Output from testListAllSubscribers--
]]></system-err>

  </testsuite>
  <testsuite errors="0" failures="0" hostname="Twin-Panichsombats-MacBook.local" id="11" name="SubscriberTests" package="openmessenger" tests="1" time="0.053" timestamp="2011-08-04T06:14:29">
      <properties />

      <testcase classname="openmessenger.SubscriberTests" name="testValidattion" time="0.044" />

      <system-out><![CDATA[--Output from testValidattion--
]]></system-out>

      <system-err><![CDATA[--Output from testValidattion--
]]></system-err>

  </testsuite>
  <testsuite errors="0" failures="0" hostname="Twin-Panichsombats-MacBook.local" id="12" name="UserControllerTests" package="openmessenger" tests="2" time="0.133" timestamp="2011-08-04T06:14:29">
      <properties />

      <testcase classname="openmessenger.UserControllerTests" name="testAuthentication" time="0.11" />

      <testcase classname="openmessenger.UserControllerTests" name="testLogout" time="0.012" />

      <system-out><![CDATA[--Output from testAuthentication--
--Output from testLogout--
]]></system-out>

      <system-err><![CDATA[--Output from testAuthentication--
--Output from testLogout--
]]></system-err>

  </testsuite>
  <testsuite errors="0" failures="0" hostname="Twin-Panichsombats-MacBook.local" id="13" name="UserTests" package="openmessenger" tests="1" time="0.028" timestamp="2011-08-04T06:14:29">
      <properties />

      <testcase classname="openmessenger.UserTests" name="testUserConstraints" time="0.026" />

      <system-out><![CDATA[--Output from testUserConstraints--
]]></system-out>

      <system-err><![CDATA[--Output from testUserConstraints--
]]></system-err>

  </testsuite>
</testsuites>
